2025-12-13 13:06:00,621 - market_data_stats - INFO - ====================================================================================================
2025-12-13 13:06:00,621 - market_data_stats - INFO - MARKET DATA TIME SERIES DIAGNOSTICS @ 2025-12-13 13:06:00
2025-12-13 13:06:00,622 - market_data_stats - INFO - ----------------------------------------------------------------------------------------------------
2025-12-13 13:06:00,622 - market_data_stats - INFO - Dataset: market_data_time_series.csv
2025-12-13 13:06:00,622 - market_data_stats - INFO - Path: c:\Users\Eddy\YTM Capital Dropbox\Eddy Winiarz\Trading\COF\Models\Unfinished Models\Eddy\Python Projects\BT\market data pipeline\processed market data\market_data_time_series.csv
2025-12-13 13:06:00,623 - market_data_stats - INFO - Shape: 6,109 rows x 48 columns
2025-12-13 13:06:00,623 - market_data_stats - INFO - Date Range: 2002-11-01 00:00:00 to 2025-12-12 00:00:00
2025-12-13 13:06:00,624 - market_data_stats - INFO - Total Days: 8,443
2025-12-13 13:06:00,624 - market_data_stats - INFO - Business Days: 6,109
2025-12-13 13:06:00,625 - market_data_stats - INFO - Column Structure: MultiIndex with 2 levels
2025-12-13 13:06:00,625 - market_data_stats - INFO - Asset Classes: 11
2025-12-13 13:06:00,626 - market_data_stats - INFO - Total Columns: 48
2025-12-13 13:06:00,626 - market_data_stats - INFO - 
Asset Class Breakdown:
2025-12-13 13:06:00,627 - market_data_stats - INFO -   cad_credit_exposure: 5 column(s)
2025-12-13 13:06:00,627 - market_data_stats - INFO -   cad_credit_spreads: 10 column(s)
2025-12-13 13:06:00,628 - market_data_stats - INFO -   economic_indicators: 6 column(s)
2025-12-13 13:06:00,629 - market_data_stats - INFO -   equity_indices: 2 column(s)
2025-12-13 13:06:00,629 - market_data_stats - INFO -   forecasts: 4 column(s)
2025-12-13 13:06:00,630 - market_data_stats - INFO -   levered_credit_er_index: 9 column(s)
2025-12-13 13:06:00,630 - market_data_stats - INFO -   risk_free_rates: 2 column(s)
2025-12-13 13:06:00,631 - market_data_stats - INFO -   us_credit_exposure: 4 column(s)
2025-12-13 13:06:00,631 - market_data_stats - INFO -   us_credit_spreads: 4 column(s)
2025-12-13 13:06:00,632 - market_data_stats - INFO -   volatility: 1 column(s)
2025-12-13 13:06:00,632 - market_data_stats - INFO -   yield_curves: 1 column(s)
2025-12-13 13:06:00,632 - market_data_stats - INFO - 
DataFrame info():
2025-12-13 13:06:00,639 - market_data_stats - INFO -     <class 'pandas.core.frame.DataFrame'>
2025-12-13 13:06:00,639 - market_data_stats - INFO -     DatetimeIndex: 6109 entries, 2002-11-01 to 2025-12-12
2025-12-13 13:06:00,640 - market_data_stats - INFO -     Data columns (total 48 columns):
2025-12-13 13:06:00,640 - market_data_stats - INFO -      #   Column                                                          Non-Null Count  Dtype  
2025-12-13 13:06:00,640 - market_data_stats - INFO -     ---  ------                                                          --------------  -----  
2025-12-13 13:06:00,640 - market_data_stats - INFO -      0   (risk_free_rates, cad_3m_tbill)                                 6096 non-null   float64
2025-12-13 13:06:00,640 - market_data_stats - INFO -      1   (risk_free_rates, cad_3m_tbill_tr_index)                        6109 non-null   float64
2025-12-13 13:06:00,641 - market_data_stats - INFO -      2   (cad_credit_spreads, cad_oas)                                   6109 non-null   float64
2025-12-13 13:06:00,641 - market_data_stats - INFO -      3   (cad_credit_spreads, cad_short_oas)                             6089 non-null   float64
2025-12-13 13:06:00,641 - market_data_stats - INFO -      4   (cad_credit_spreads, cad_long_oas)                              6089 non-null   float64
2025-12-13 13:06:00,641 - market_data_stats - INFO -      5   (cad_credit_spreads, cad_credit_spreads_fins)                   6109 non-null   float64
2025-12-13 13:06:00,641 - market_data_stats - INFO -      6   (cad_credit_spreads, cad_credit_spreads_non_fins_ex_uts)        6109 non-null   float64
2025-12-13 13:06:00,641 - market_data_stats - INFO -      7   (cad_credit_spreads, cad_credit_spreads_uts)                    6109 non-null   float64
2025-12-13 13:06:00,642 - market_data_stats - INFO -      8   (cad_credit_spreads, cad_credit_spreads_a_credits)              6109 non-null   float64
2025-12-13 13:06:00,643 - market_data_stats - INFO -      9   (cad_credit_spreads, cad_credit_spreads_bbb_credits)            6109 non-null   float64
2025-12-13 13:06:00,643 - market_data_stats - INFO -      10  (cad_credit_spreads, cad_credit_spreads_provs)                  6089 non-null   float64
2025-12-13 13:06:00,644 - market_data_stats - INFO -      11  (cad_credit_spreads, cad_credit_spreads_provs_longs)            6089 non-null   float64
2025-12-13 13:06:00,644 - market_data_stats - INFO -      12  (us_credit_spreads, us_ig_oas)                                  6109 non-null   float64
2025-12-13 13:06:00,644 - market_data_stats - INFO -      13  (us_credit_spreads, us_hy_oas)                                  6109 non-null   float64
2025-12-13 13:06:00,644 - market_data_stats - INFO -      14  (us_credit_spreads, cdx_ig)                                     5566 non-null   float64
2025-12-13 13:06:00,645 - market_data_stats - INFO -      15  (us_credit_spreads, cdx_hy)                                     4414 non-null   float64
2025-12-13 13:06:00,645 - market_data_stats - INFO -      16  (cad_credit_exposure, cad_ig_er_index)                          6109 non-null   float64
2025-12-13 13:06:00,645 - market_data_stats - INFO -      17  (cad_credit_exposure, cad_ig_short_er_index)                    6089 non-null   float64
2025-12-13 13:06:00,645 - market_data_stats - INFO -      18  (cad_credit_exposure, cad_ig_long_er_index)                     6089 non-null   float64
2025-12-13 13:06:00,646 - market_data_stats - INFO -      19  (cad_credit_exposure, cad_credit_spreads_provs_er_index)        6089 non-null   float64
2025-12-13 13:06:00,646 - market_data_stats - INFO -      20  (cad_credit_exposure, cad_credit_spreads_provs_longs_er_index)  6089 non-null   float64
2025-12-13 13:06:00,646 - market_data_stats - INFO -      21  (levered_credit_er_index, cad_ig_er_index_3x)                   6109 non-null   float64
2025-12-13 13:06:00,646 - market_data_stats - INFO -      22  (levered_credit_er_index, cad_ig_short_er_index_3x)             6109 non-null   float64
2025-12-13 13:06:00,647 - market_data_stats - INFO -      23  (levered_credit_er_index, cad_ig_long_er_index_3x)              6109 non-null   float64
2025-12-13 13:06:00,647 - market_data_stats - INFO -      24  (levered_credit_er_index, cad_ig_gross_return_index_3x)         6109 non-null   float64
2025-12-13 13:06:00,647 - market_data_stats - INFO -      25  (levered_credit_er_index, cad_ig_short_gross_return_index_3x)   6109 non-null   float64
2025-12-13 13:06:00,647 - market_data_stats - INFO -      26  (levered_credit_er_index, cad_ig_long_gross_return_index_3x)    6109 non-null   float64
2025-12-13 13:06:00,648 - market_data_stats - INFO -      27  (levered_credit_er_index, cad_ig_net_return_index_3x)           6109 non-null   float64
2025-12-13 13:06:00,648 - market_data_stats - INFO -      28  (levered_credit_er_index, cad_ig_short_net_return_index_3x)     6109 non-null   float64
2025-12-13 13:06:00,648 - market_data_stats - INFO -      29  (levered_credit_er_index, cad_ig_long_net_return_index_3x)      6109 non-null   float64
2025-12-13 13:06:00,648 - market_data_stats - INFO -      30  (us_credit_exposure, us_ig_er_index)                            6109 non-null   float64
2025-12-13 13:06:00,648 - market_data_stats - INFO -      31  (us_credit_exposure, us_hy_er_index)                            6109 non-null   float64
2025-12-13 13:06:00,649 - market_data_stats - INFO -      32  (us_credit_exposure, cdx_ig_er)                                 4953 non-null   float64
2025-12-13 13:06:00,649 - market_data_stats - INFO -      33  (us_credit_exposure, cdx_hy_er)                                 4947 non-null   float64
2025-12-13 13:06:00,649 - market_data_stats - INFO -      34  (equity_indices, tsx)                                           6109 non-null   float64
2025-12-13 13:06:00,649 - market_data_stats - INFO -      35  (equity_indices, s&p_500)                                       6109 non-null   float64
2025-12-13 13:06:00,649 - market_data_stats - INFO -      36  (volatility, vix)                                               6109 non-null   float64
2025-12-13 13:06:00,650 - market_data_stats - INFO -      37  (yield_curves, us_3m_10y)                                       6109 non-null   float64
2025-12-13 13:06:00,650 - market_data_stats - INFO -      38  (economic_indicators, us_growth_surprises)                      6109 non-null   float64
2025-12-13 13:06:00,650 - market_data_stats - INFO -      39  (economic_indicators, us_inflation_surprises)                   6109 non-null   float64
2025-12-13 13:06:00,650 - market_data_stats - INFO -      40  (economic_indicators, us_lei_yoy)                               6088 non-null   float64
2025-12-13 13:06:00,650 - market_data_stats - INFO -      41  (economic_indicators, us_hard_data_surprises)                   6096 non-null   float64
2025-12-13 13:06:00,650 - market_data_stats - INFO -      42  (economic_indicators, us_equity_revisions)                      6109 non-null   float64
2025-12-13 13:06:00,650 - market_data_stats - INFO -      43  (economic_indicators, us_economic_regime)                       6088 non-null   float64
2025-12-13 13:06:00,651 - market_data_stats - INFO -      44  (forecasts, spx_1bf_eps)                                        6109 non-null   float64
2025-12-13 13:06:00,651 - market_data_stats - INFO -      45  (forecasts, spx_1bf_sales)                                      6109 non-null   float64
2025-12-13 13:06:00,651 - market_data_stats - INFO -      46  (forecasts, tsx_1bf_eps)                                        6109 non-null   float64
2025-12-13 13:06:00,651 - market_data_stats - INFO -      47  (forecasts, tsx_1bf_sales)                                      5834 non-null   float64
2025-12-13 13:06:00,651 - market_data_stats - INFO -     dtypes: float64(48)
2025-12-13 13:06:00,651 - market_data_stats - INFO -     memory usage: 2.4 MB
2025-12-13 13:06:00,651 - market_data_stats - INFO - 
Missing Data Statistics:
2025-12-13 13:06:00,653 - market_data_stats - INFO -   risk_free_rates: 13 missing values across 1 column(s)
2025-12-13 13:06:00,653 - market_data_stats - INFO -     cad_3m_tbill: 13 (0.21%)
2025-12-13 13:06:00,653 - market_data_stats - INFO -   cad_credit_spreads: 80 missing values across 4 column(s)
2025-12-13 13:06:00,654 - market_data_stats - INFO -     cad_short_oas: 20 (0.33%)
2025-12-13 13:06:00,654 - market_data_stats - INFO -     cad_long_oas: 20 (0.33%)
2025-12-13 13:06:00,654 - market_data_stats - INFO -     cad_credit_spreads_provs: 20 (0.33%)
2025-12-13 13:06:00,654 - market_data_stats - INFO -     cad_credit_spreads_provs_longs: 20 (0.33%)
2025-12-13 13:06:00,654 - market_data_stats - INFO -   us_credit_spreads: 2,238 missing values across 2 column(s)
2025-12-13 13:06:00,654 - market_data_stats - INFO -     cdx_ig: 543 (8.89%)
2025-12-13 13:06:00,654 - market_data_stats - INFO -     cdx_hy: 1,695 (27.75%)
2025-12-13 13:06:00,655 - market_data_stats - INFO -   cad_credit_exposure: 80 missing values across 4 column(s)
2025-12-13 13:06:00,655 - market_data_stats - INFO -     cad_ig_short_er_index: 20 (0.33%)
2025-12-13 13:06:00,655 - market_data_stats - INFO -     cad_ig_long_er_index: 20 (0.33%)
2025-12-13 13:06:00,655 - market_data_stats - INFO -     cad_credit_spreads_provs_er_index: 20 (0.33%)
2025-12-13 13:06:00,655 - market_data_stats - INFO -     cad_credit_spreads_provs_longs_er_index: 20 (0.33%)
2025-12-13 13:06:00,655 - market_data_stats - INFO -   levered_credit_er_index: No missing data
2025-12-13 13:06:00,656 - market_data_stats - INFO -   us_credit_exposure: 2,318 missing values across 2 column(s)
2025-12-13 13:06:00,656 - market_data_stats - INFO -     cdx_ig_er: 1,156 (18.92%)
2025-12-13 13:06:00,656 - market_data_stats - INFO -     cdx_hy_er: 1,162 (19.02%)
2025-12-13 13:06:00,656 - market_data_stats - INFO -   equity_indices: No missing data
2025-12-13 13:06:00,656 - market_data_stats - INFO -   volatility: No missing data
2025-12-13 13:06:00,657 - market_data_stats - INFO -   yield_curves: No missing data
2025-12-13 13:06:00,657 - market_data_stats - INFO -   economic_indicators: 55 missing values across 3 column(s)
2025-12-13 13:06:00,657 - market_data_stats - INFO -     us_lei_yoy: 21 (0.34%)
2025-12-13 13:06:00,657 - market_data_stats - INFO -     us_hard_data_surprises: 13 (0.21%)
2025-12-13 13:06:00,657 - market_data_stats - INFO -     us_economic_regime: 21 (0.34%)
2025-12-13 13:06:00,657 - market_data_stats - INFO -   forecasts: 275 missing values across 1 column(s)
2025-12-13 13:06:00,657 - market_data_stats - INFO -     tsx_1bf_sales: 275 (4.5%)
2025-12-13 13:06:00,658 - market_data_stats - INFO - 
Basic Statistics (numeric columns only):
2025-12-13 13:06:00,712 - market_data_stats - INFO -   Numeric columns: 48
2025-12-13 13:06:00,712 - market_data_stats - INFO -   Mean values range: -0.0636 to 14722.9712
2025-12-13 13:06:00,712 - market_data_stats - INFO -   Std dev range: 0.1929 to 4688.0782
2025-12-13 13:06:00,713 - market_data_stats - INFO - 
Head (3 rows):
2025-12-13 13:06:00,726 - market_data_stats - INFO -     asset_class risk_free_rates                       cad_credit_spreads                                                                                                                                                                                                                                  us_credit_spreads                            cad_credit_exposure                                                                                                                      levered_credit_er_index                                                                                                                                                                                                                                                us_credit_exposure                                    equity_indices          volatility yield_curves economic_indicators                                                                                                   forecasts                                        
2025-12-13 13:06:00,726 - market_data_stats - INFO -     column         cad_3m_tbill cad_3m_tbill_tr_index            cad_oas cad_short_oas cad_long_oas cad_credit_spreads_fins cad_credit_spreads_non_fins_ex_uts cad_credit_spreads_uts cad_credit_spreads_a_credits cad_credit_spreads_bbb_credits cad_credit_spreads_provs cad_credit_spreads_provs_longs         us_ig_oas    us_hy_oas cdx_ig cdx_hy     cad_ig_er_index cad_ig_short_er_index cad_ig_long_er_index cad_credit_spreads_provs_er_index cad_credit_spreads_provs_longs_er_index      cad_ig_er_index_3x cad_ig_short_er_index_3x cad_ig_long_er_index_3x cad_ig_gross_return_index_3x cad_ig_short_gross_return_index_3x cad_ig_long_gross_return_index_3x cad_ig_net_return_index_3x cad_ig_short_net_return_index_3x cad_ig_long_net_return_index_3x     us_ig_er_index us_hy_er_index cdx_ig_er cdx_hy_er            tsx  s&p_500        vix    us_3m_10y us_growth_surprises us_inflation_surprises us_lei_yoy us_hard_data_surprises us_equity_revisions us_economic_regime spx_1bf_eps spx_1bf_sales tsx_1bf_eps tsx_1bf_sales
2025-12-13 13:06:00,727 - market_data_stats - INFO -     Date                                                                                                                                                                                                                                                                                                                                                                                                                                                                                                                                                                                                                                                                                                                                                                                                                                                                                                                                                                                                                                            
2025-12-13 13:06:00,727 - market_data_stats - INFO -     2002-11-01              NaN                 100.0          96.391472           NaN          NaN              167.918448                         120.965725              28.453629                   159.374853                            0.0                      NaN                            NaN        246.375560  1007.211190    NaN    NaN          100.005722                   NaN                  NaN                               NaN                                     NaN              100.000000                    100.0                   100.0                   100.000000                              100.0                             100.0                 100.000000                       100.000000                      100.000000          94.356559      81.426533       NaN       NaN        6321.40  1287.13      29.30      361.891             0.09228               -0.05664        NaN                    NaN               -0.36                NaN     58.0701      684.9876    495.3329           NaN
2025-12-13 13:06:00,727 - market_data_stats - INFO -     2002-11-04              NaN                 100.0          97.038166           NaN          NaN              163.909122                         121.646256              31.153078                   157.630963                            0.0                      NaN                            NaN        238.348497   998.114405    NaN    NaN          100.018898                   NaN                  NaN                               NaN                                     NaN              100.036238                    100.0                   100.0                   100.036238                              100.0                             100.0                 100.028241                        99.996986                       99.996986          94.873535      81.978501       NaN       NaN        6432.65  1297.69      30.82      362.832             0.11054               -0.05636        NaN                    NaN               -0.36                NaN     58.4263      687.9674    492.9595           NaN
2025-12-13 13:06:00,728 - market_data_stats - INFO -     2002-11-05              NaN                 100.0          98.000565           NaN          NaN              166.556449                         121.721567              32.241912                   158.188445                            0.0                      NaN                            NaN        236.329661   993.579009    NaN    NaN          100.147307                   NaN                  NaN                               NaN                                     NaN              100.420436                    100.0                   100.0                   100.420436                              100.0                             100.0                 100.352220                        99.993973                       99.993973          95.010730      82.210354       NaN       NaN        6399.64  1307.80      31.23      366.201             0.10998               -0.05608        NaN                    NaN               -0.36                NaN     58.5269      684.4088    491.5380           NaN
2025-12-13 13:06:00,728 - market_data_stats - INFO - 
Tail (3 rows):
2025-12-13 13:06:00,734 - market_data_stats - INFO -     asset_class risk_free_rates                       cad_credit_spreads                                                                                                                                                                                                                                  us_credit_spreads                            cad_credit_exposure                                                                                                                      levered_credit_er_index                                                                                                                                                                                                                                                us_credit_exposure                                    equity_indices           volatility yield_curves economic_indicators                                                                                                   forecasts                                        
2025-12-13 13:06:00,735 - market_data_stats - INFO -     column         cad_3m_tbill cad_3m_tbill_tr_index            cad_oas cad_short_oas cad_long_oas cad_credit_spreads_fins cad_credit_spreads_non_fins_ex_uts cad_credit_spreads_uts cad_credit_spreads_a_credits cad_credit_spreads_bbb_credits cad_credit_spreads_provs cad_credit_spreads_provs_longs         us_ig_oas us_hy_oas  cdx_ig   cdx_hy     cad_ig_er_index cad_ig_short_er_index cad_ig_long_er_index cad_credit_spreads_provs_er_index cad_credit_spreads_provs_longs_er_index      cad_ig_er_index_3x cad_ig_short_er_index_3x cad_ig_long_er_index_3x cad_ig_gross_return_index_3x cad_ig_short_gross_return_index_3x cad_ig_long_gross_return_index_3x cad_ig_net_return_index_3x cad_ig_short_net_return_index_3x cad_ig_long_net_return_index_3x     us_ig_er_index us_hy_er_index cdx_ig_er cdx_hy_er            tsx   s&p_500        vix    us_3m_10y us_growth_surprises us_inflation_surprises us_lei_yoy us_hard_data_surprises us_equity_revisions us_economic_regime spx_1bf_eps spx_1bf_sales tsx_1bf_eps tsx_1bf_sales
2025-12-13 13:06:00,735 - market_data_stats - INFO -     Date                                                                                                                                                                                                                                                                                                                                                                                                                                                                                                                                                                                                                                                                                                                                                                                                                                                                                                                                                                                                                                             
2025-12-13 13:06:00,735 - market_data_stats - INFO -     2025-12-10            2.204            153.313810            85.9334       64.6110     130.6662                 71.7767                            96.4327                96.9960                      73.3184                       101.6029                  50.1813                        78.9694           76.1648  276.0714  49.936  315.923          137.024809            135.691338           137.871871                        114.976035                              112.928112              230.924761               218.270871              198.332644                   354.028350                         334.626567                        304.071167                 138.991864                       205.421952                       97.181631         128.007808     231.117821  118.4164  269.0962       31490.85  15302.75      15.77      110.583            -0.07337               -0.28304       -3.3                 0.4740                0.15                0.3    306.2337     2097.1219   1886.6650    13087.8568
2025-12-13 13:06:00,735 - market_data_stats - INFO -     2025-12-11            2.205            153.323072            85.5495       64.2142     130.3772                 71.3688                            96.0516                96.6754                      73.0084                       101.1209                  50.0415                        78.8563           76.6130  271.8479  49.883  315.670          137.065847            135.716228           137.957984                        115.008865                              112.976070              231.129710               218.388593              198.702096                   354.363942                         334.827259                        304.655957                 139.100294                       205.521411                       97.338007         127.968460     231.281757  118.4244  269.8919       31660.73  15334.74      14.85      114.253            -0.00341               -0.28162       -3.3                 0.4387                0.15                0.3    306.4203     2096.8418   1888.1916    13083.2716
2025-12-13 13:06:00,736 - market_data_stats - INFO -     2025-12-12            2.204            153.332330            84.9166       63.9159     129.2732                 70.9710                            95.3241                95.6534                      72.5306                       100.3201                  48.7767                        77.2844           77.9591  275.6840  50.773  319.122          137.129692            135.740752           138.117247                        115.158576                              113.200475              231.450154               218.504591              199.388083                   354.876640                         335.025322                        305.726128                 139.267795                       205.619484                       97.626146         127.818416     231.175629  118.3775  269.8962       31527.39  15172.13      15.74      122.181            -0.00339               -0.28021       -3.3                 0.4387                0.15                0.3    306.7316     2097.6254   1889.5444    13079.8643
2025-12-13 13:06:00,736 - market_data_stats - INFO - 
====================================================================================================
2025-12-13 13:06:00,785 - market_data_stats - INFO - ====================================================================================================
2025-12-13 13:06:00,785 - market_data_stats - INFO - MARKET DATA TIME SERIES DIAGNOSTICS @ 2025-12-13 13:06:00
2025-12-13 13:06:00,785 - market_data_stats - INFO - ----------------------------------------------------------------------------------------------------
2025-12-13 13:06:00,785 - market_data_stats - INFO - Dataset: market_data_time_series.csv
2025-12-13 13:06:00,785 - market_data_stats - INFO - Path: c:\Users\Eddy\YTM Capital Dropbox\Eddy Winiarz\Trading\COF\Models\Unfinished Models\Eddy\Python Projects\BT\market data pipeline\processed market data\market_data_time_series.csv
2025-12-13 13:06:00,785 - market_data_stats - INFO - Shape: 6,109 rows x 48 columns
2025-12-13 13:06:00,786 - market_data_stats - INFO - Date Range: 2002-11-01 00:00:00 to 2025-12-12 00:00:00
2025-12-13 13:06:00,786 - market_data_stats - INFO - Total Days: 8,443
2025-12-13 13:06:00,786 - market_data_stats - INFO - Business Days: 6,109
2025-12-13 13:06:00,787 - market_data_stats - INFO - Column Structure: MultiIndex with 2 levels
2025-12-13 13:06:00,787 - market_data_stats - INFO - Asset Classes: 11
2025-12-13 13:06:00,787 - market_data_stats - INFO - Total Columns: 48
2025-12-13 13:06:00,787 - market_data_stats - INFO - 
Asset Class Breakdown:
2025-12-13 13:06:00,789 - market_data_stats - INFO -   cad_credit_exposure: 5 column(s)
2025-12-13 13:06:00,789 - market_data_stats - INFO -   cad_credit_spreads: 10 column(s)
2025-12-13 13:06:00,789 - market_data_stats - INFO -   economic_indicators: 6 column(s)
2025-12-13 13:06:00,789 - market_data_stats - INFO -   equity_indices: 2 column(s)
2025-12-13 13:06:00,789 - market_data_stats - INFO -   forecasts: 4 column(s)
2025-12-13 13:06:00,790 - market_data_stats - INFO -   levered_credit_er_index: 9 column(s)
2025-12-13 13:06:00,790 - market_data_stats - INFO -   risk_free_rates: 2 column(s)
2025-12-13 13:06:00,790 - market_data_stats - INFO -   us_credit_exposure: 4 column(s)
2025-12-13 13:06:00,790 - market_data_stats - INFO -   us_credit_spreads: 4 column(s)
2025-12-13 13:06:00,790 - market_data_stats - INFO -   volatility: 1 column(s)
2025-12-13 13:06:00,790 - market_data_stats - INFO -   yield_curves: 1 column(s)
2025-12-13 13:06:00,791 - market_data_stats - INFO - 
DataFrame info():
2025-12-13 13:06:00,795 - market_data_stats - INFO -     <class 'pandas.core.frame.DataFrame'>
2025-12-13 13:06:00,796 - market_data_stats - INFO -     DatetimeIndex: 6109 entries, 2002-11-01 to 2025-12-12
2025-12-13 13:06:00,796 - market_data_stats - INFO -     Data columns (total 48 columns):
2025-12-13 13:06:00,796 - market_data_stats - INFO -      #   Column                                                          Non-Null Count  Dtype  
2025-12-13 13:06:00,796 - market_data_stats - INFO -     ---  ------                                                          --------------  -----  
2025-12-13 13:06:00,796 - market_data_stats - INFO -      0   (risk_free_rates, cad_3m_tbill)                                 6096 non-null   float64
2025-12-13 13:06:00,796 - market_data_stats - INFO -      1   (risk_free_rates, cad_3m_tbill_tr_index)                        6109 non-null   float64
2025-12-13 13:06:00,797 - market_data_stats - INFO -      2   (cad_credit_spreads, cad_oas)                                   6109 non-null   float64
2025-12-13 13:06:00,797 - market_data_stats - INFO -      3   (cad_credit_spreads, cad_short_oas)                             6089 non-null   float64
2025-12-13 13:06:00,797 - market_data_stats - INFO -      4   (cad_credit_spreads, cad_long_oas)                              6089 non-null   float64
2025-12-13 13:06:00,797 - market_data_stats - INFO -      5   (cad_credit_spreads, cad_credit_spreads_fins)                   6109 non-null   float64
2025-12-13 13:06:00,797 - market_data_stats - INFO -      6   (cad_credit_spreads, cad_credit_spreads_non_fins_ex_uts)        6109 non-null   float64
2025-12-13 13:06:00,798 - market_data_stats - INFO -      7   (cad_credit_spreads, cad_credit_spreads_uts)                    6109 non-null   float64
2025-12-13 13:06:00,798 - market_data_stats - INFO -      8   (cad_credit_spreads, cad_credit_spreads_a_credits)              6109 non-null   float64
2025-12-13 13:06:00,798 - market_data_stats - INFO -      9   (cad_credit_spreads, cad_credit_spreads_bbb_credits)            6109 non-null   float64
2025-12-13 13:06:00,798 - market_data_stats - INFO -      10  (cad_credit_spreads, cad_credit_spreads_provs)                  6089 non-null   float64
2025-12-13 13:06:00,798 - market_data_stats - INFO -      11  (cad_credit_spreads, cad_credit_spreads_provs_longs)            6089 non-null   float64
2025-12-13 13:06:00,798 - market_data_stats - INFO -      12  (us_credit_spreads, us_ig_oas)                                  6109 non-null   float64
2025-12-13 13:06:00,798 - market_data_stats - INFO -      13  (us_credit_spreads, us_hy_oas)                                  6109 non-null   float64
2025-12-13 13:06:00,799 - market_data_stats - INFO -      14  (us_credit_spreads, cdx_ig)                                     5566 non-null   float64
2025-12-13 13:06:00,799 - market_data_stats - INFO -      15  (us_credit_spreads, cdx_hy)                                     4414 non-null   float64
2025-12-13 13:06:00,799 - market_data_stats - INFO -      16  (cad_credit_exposure, cad_ig_er_index)                          6109 non-null   float64
2025-12-13 13:06:00,799 - market_data_stats - INFO -      17  (cad_credit_exposure, cad_ig_short_er_index)                    6089 non-null   float64
2025-12-13 13:06:00,799 - market_data_stats - INFO -      18  (cad_credit_exposure, cad_ig_long_er_index)                     6089 non-null   float64
2025-12-13 13:06:00,799 - market_data_stats - INFO -      19  (cad_credit_exposure, cad_credit_spreads_provs_er_index)        6089 non-null   float64
2025-12-13 13:06:00,799 - market_data_stats - INFO -      20  (cad_credit_exposure, cad_credit_spreads_provs_longs_er_index)  6089 non-null   float64
2025-12-13 13:06:00,799 - market_data_stats - INFO -      21  (levered_credit_er_index, cad_ig_er_index_3x)                   6109 non-null   float64
2025-12-13 13:06:00,800 - market_data_stats - INFO -      22  (levered_credit_er_index, cad_ig_short_er_index_3x)             6109 non-null   float64
2025-12-13 13:06:00,800 - market_data_stats - INFO -      23  (levered_credit_er_index, cad_ig_long_er_index_3x)              6109 non-null   float64
2025-12-13 13:06:00,800 - market_data_stats - INFO -      24  (levered_credit_er_index, cad_ig_gross_return_index_3x)         6109 non-null   float64
2025-12-13 13:06:00,800 - market_data_stats - INFO -      25  (levered_credit_er_index, cad_ig_short_gross_return_index_3x)   6109 non-null   float64
2025-12-13 13:06:00,800 - market_data_stats - INFO -      26  (levered_credit_er_index, cad_ig_long_gross_return_index_3x)    6109 non-null   float64
2025-12-13 13:06:00,800 - market_data_stats - INFO -      27  (levered_credit_er_index, cad_ig_net_return_index_3x)           6109 non-null   float64
2025-12-13 13:06:00,800 - market_data_stats - INFO -      28  (levered_credit_er_index, cad_ig_short_net_return_index_3x)     6109 non-null   float64
2025-12-13 13:06:00,801 - market_data_stats - INFO -      29  (levered_credit_er_index, cad_ig_long_net_return_index_3x)      6109 non-null   float64
2025-12-13 13:06:00,801 - market_data_stats - INFO -      30  (us_credit_exposure, us_ig_er_index)                            6109 non-null   float64
2025-12-13 13:06:00,801 - market_data_stats - INFO -      31  (us_credit_exposure, us_hy_er_index)                            6109 non-null   float64
2025-12-13 13:06:00,801 - market_data_stats - INFO -      32  (us_credit_exposure, cdx_ig_er)                                 4953 non-null   float64
2025-12-13 13:06:00,801 - market_data_stats - INFO -      33  (us_credit_exposure, cdx_hy_er)                                 4947 non-null   float64
2025-12-13 13:06:00,801 - market_data_stats - INFO -      34  (equity_indices, tsx)                                           6109 non-null   float64
2025-12-13 13:06:00,801 - market_data_stats - INFO -      35  (equity_indices, s&p_500)                                       6109 non-null   float64
2025-12-13 13:06:00,801 - market_data_stats - INFO -      36  (volatility, vix)                                               6109 non-null   float64
2025-12-13 13:06:00,802 - market_data_stats - INFO -      37  (yield_curves, us_3m_10y)                                       6109 non-null   float64
2025-12-13 13:06:00,802 - market_data_stats - INFO -      38  (economic_indicators, us_growth_surprises)                      6109 non-null   float64
2025-12-13 13:06:00,802 - market_data_stats - INFO -      39  (economic_indicators, us_inflation_surprises)                   6109 non-null   float64
2025-12-13 13:06:00,802 - market_data_stats - INFO -      40  (economic_indicators, us_lei_yoy)                               6088 non-null   float64
2025-12-13 13:06:00,802 - market_data_stats - INFO -      41  (economic_indicators, us_hard_data_surprises)                   6096 non-null   float64
2025-12-13 13:06:00,802 - market_data_stats - INFO -      42  (economic_indicators, us_equity_revisions)                      6109 non-null   float64
2025-12-13 13:06:00,802 - market_data_stats - INFO -      43  (economic_indicators, us_economic_regime)                       6088 non-null   float64
2025-12-13 13:06:00,802 - market_data_stats - INFO -      44  (forecasts, spx_1bf_eps)                                        6109 non-null   float64
2025-12-13 13:06:00,803 - market_data_stats - INFO -      45  (forecasts, spx_1bf_sales)                                      6109 non-null   float64
2025-12-13 13:06:00,803 - market_data_stats - INFO -      46  (forecasts, tsx_1bf_eps)                                        6109 non-null   float64
2025-12-13 13:06:00,803 - market_data_stats - INFO -      47  (forecasts, tsx_1bf_sales)                                      5834 non-null   float64
2025-12-13 13:06:00,803 - market_data_stats - INFO -     dtypes: float64(48)
2025-12-13 13:06:00,804 - market_data_stats - INFO -     memory usage: 2.4 MB
2025-12-13 13:06:00,804 - market_data_stats - INFO - 
Missing Data Statistics:
2025-12-13 13:06:00,805 - market_data_stats - INFO -   risk_free_rates: 13 missing values across 1 column(s)
2025-12-13 13:06:00,805 - market_data_stats - INFO -     cad_3m_tbill: 13 (0.21%)
2025-12-13 13:06:00,805 - market_data_stats - INFO -   cad_credit_spreads: 80 missing values across 4 column(s)
2025-12-13 13:06:00,806 - market_data_stats - INFO -     cad_short_oas: 20 (0.33%)
2025-12-13 13:06:00,806 - market_data_stats - INFO -     cad_long_oas: 20 (0.33%)
2025-12-13 13:06:00,806 - market_data_stats - INFO -     cad_credit_spreads_provs: 20 (0.33%)
2025-12-13 13:06:00,806 - market_data_stats - INFO -     cad_credit_spreads_provs_longs: 20 (0.33%)
2025-12-13 13:06:00,806 - market_data_stats - INFO -   us_credit_spreads: 2,238 missing values across 2 column(s)
2025-12-13 13:06:00,806 - market_data_stats - INFO -     cdx_ig: 543 (8.89%)
2025-12-13 13:06:00,806 - market_data_stats - INFO -     cdx_hy: 1,695 (27.75%)
2025-12-13 13:06:00,807 - market_data_stats - INFO -   cad_credit_exposure: 80 missing values across 4 column(s)
2025-12-13 13:06:00,807 - market_data_stats - INFO -     cad_ig_short_er_index: 20 (0.33%)
2025-12-13 13:06:00,807 - market_data_stats - INFO -     cad_ig_long_er_index: 20 (0.33%)
2025-12-13 13:06:00,807 - market_data_stats - INFO -     cad_credit_spreads_provs_er_index: 20 (0.33%)
2025-12-13 13:06:00,807 - market_data_stats - INFO -     cad_credit_spreads_provs_longs_er_index: 20 (0.33%)
2025-12-13 13:06:00,807 - market_data_stats - INFO -   levered_credit_er_index: No missing data
2025-12-13 13:06:00,807 - market_data_stats - INFO -   us_credit_exposure: 2,318 missing values across 2 column(s)
2025-12-13 13:06:00,807 - market_data_stats - INFO -     cdx_ig_er: 1,156 (18.92%)
2025-12-13 13:06:00,808 - market_data_stats - INFO -     cdx_hy_er: 1,162 (19.02%)
2025-12-13 13:06:00,808 - market_data_stats - INFO -   equity_indices: No missing data
2025-12-13 13:06:00,808 - market_data_stats - INFO -   volatility: No missing data
2025-12-13 13:06:00,808 - market_data_stats - INFO -   yield_curves: No missing data
2025-12-13 13:06:00,808 - market_data_stats - INFO -   economic_indicators: 55 missing values across 3 column(s)
2025-12-13 13:06:00,808 - market_data_stats - INFO -     us_lei_yoy: 21 (0.34%)
2025-12-13 13:06:00,808 - market_data_stats - INFO -     us_hard_data_surprises: 13 (0.21%)
2025-12-13 13:06:00,808 - market_data_stats - INFO -     us_economic_regime: 21 (0.34%)
2025-12-13 13:06:00,809 - market_data_stats - INFO -   forecasts: 275 missing values across 1 column(s)
2025-12-13 13:06:00,809 - market_data_stats - INFO -     tsx_1bf_sales: 275 (4.5%)
2025-12-13 13:06:00,809 - market_data_stats - INFO - 
Basic Statistics (numeric columns only):
2025-12-13 13:06:00,859 - market_data_stats - INFO -   Numeric columns: 48
2025-12-13 13:06:00,859 - market_data_stats - INFO -   Mean values range: -0.0636 to 14722.9712
2025-12-13 13:06:00,860 - market_data_stats - INFO -   Std dev range: 0.1929 to 4688.0782
2025-12-13 13:06:00,860 - market_data_stats - INFO - 
Head (3 rows):
2025-12-13 13:06:00,867 - market_data_stats - INFO -     asset_class risk_free_rates                       cad_credit_spreads                                                                                                                                                                                                                                  us_credit_spreads                            cad_credit_exposure                                                                                                                      levered_credit_er_index                                                                                                                                                                                                                                                us_credit_exposure                                    equity_indices          volatility yield_curves economic_indicators                                                                                                   forecasts                                        
2025-12-13 13:06:00,867 - market_data_stats - INFO -     column         cad_3m_tbill cad_3m_tbill_tr_index            cad_oas cad_short_oas cad_long_oas cad_credit_spreads_fins cad_credit_spreads_non_fins_ex_uts cad_credit_spreads_uts cad_credit_spreads_a_credits cad_credit_spreads_bbb_credits cad_credit_spreads_provs cad_credit_spreads_provs_longs         us_ig_oas    us_hy_oas cdx_ig cdx_hy     cad_ig_er_index cad_ig_short_er_index cad_ig_long_er_index cad_credit_spreads_provs_er_index cad_credit_spreads_provs_longs_er_index      cad_ig_er_index_3x cad_ig_short_er_index_3x cad_ig_long_er_index_3x cad_ig_gross_return_index_3x cad_ig_short_gross_return_index_3x cad_ig_long_gross_return_index_3x cad_ig_net_return_index_3x cad_ig_short_net_return_index_3x cad_ig_long_net_return_index_3x     us_ig_er_index us_hy_er_index cdx_ig_er cdx_hy_er            tsx  s&p_500        vix    us_3m_10y us_growth_surprises us_inflation_surprises us_lei_yoy us_hard_data_surprises us_equity_revisions us_economic_regime spx_1bf_eps spx_1bf_sales tsx_1bf_eps tsx_1bf_sales
2025-12-13 13:06:00,867 - market_data_stats - INFO -     Date                                                                                                                                                                                                                                                                                                                                                                                                                                                                                                                                                                                                                                                                                                                                                                                                                                                                                                                                                                                                                                            
2025-12-13 13:06:00,868 - market_data_stats - INFO -     2002-11-01              NaN                 100.0          96.391472           NaN          NaN              167.918448                         120.965725              28.453629                   159.374853                            0.0                      NaN                            NaN        246.375560  1007.211190    NaN    NaN          100.005722                   NaN                  NaN                               NaN                                     NaN              100.000000                    100.0                   100.0                   100.000000                              100.0                             100.0                 100.000000                       100.000000                      100.000000          94.356559      81.426533       NaN       NaN        6321.40  1287.13      29.30      361.891             0.09228               -0.05664        NaN                    NaN               -0.36                NaN     58.0701      684.9876    495.3329           NaN
2025-12-13 13:06:00,868 - market_data_stats - INFO -     2002-11-04              NaN                 100.0          97.038166           NaN          NaN              163.909122                         121.646256              31.153078                   157.630963                            0.0                      NaN                            NaN        238.348497   998.114405    NaN    NaN          100.018898                   NaN                  NaN                               NaN                                     NaN              100.036238                    100.0                   100.0                   100.036238                              100.0                             100.0                 100.028241                        99.996986                       99.996986          94.873535      81.978501       NaN       NaN        6432.65  1297.69      30.82      362.832             0.11054               -0.05636        NaN                    NaN               -0.36                NaN     58.4263      687.9674    492.9595           NaN
2025-12-13 13:06:00,868 - market_data_stats - INFO -     2002-11-05              NaN                 100.0          98.000565           NaN          NaN              166.556449                         121.721567              32.241912                   158.188445                            0.0                      NaN                            NaN        236.329661   993.579009    NaN    NaN          100.147307                   NaN                  NaN                               NaN                                     NaN              100.420436                    100.0                   100.0                   100.420436                              100.0                             100.0                 100.352220                        99.993973                       99.993973          95.010730      82.210354       NaN       NaN        6399.64  1307.80      31.23      366.201             0.10998               -0.05608        NaN                    NaN               -0.36                NaN     58.5269      684.4088    491.5380           NaN
2025-12-13 13:06:00,869 - market_data_stats - INFO - 
Tail (3 rows):
2025-12-13 13:06:00,875 - market_data_stats - INFO -     asset_class risk_free_rates                       cad_credit_spreads                                                                                                                                                                                                                                  us_credit_spreads                            cad_credit_exposure                                                                                                                      levered_credit_er_index                                                                                                                                                                                                                                                us_credit_exposure                                    equity_indices           volatility yield_curves economic_indicators                                                                                                   forecasts                                        
2025-12-13 13:06:00,875 - market_data_stats - INFO -     column         cad_3m_tbill cad_3m_tbill_tr_index            cad_oas cad_short_oas cad_long_oas cad_credit_spreads_fins cad_credit_spreads_non_fins_ex_uts cad_credit_spreads_uts cad_credit_spreads_a_credits cad_credit_spreads_bbb_credits cad_credit_spreads_provs cad_credit_spreads_provs_longs         us_ig_oas us_hy_oas  cdx_ig   cdx_hy     cad_ig_er_index cad_ig_short_er_index cad_ig_long_er_index cad_credit_spreads_provs_er_index cad_credit_spreads_provs_longs_er_index      cad_ig_er_index_3x cad_ig_short_er_index_3x cad_ig_long_er_index_3x cad_ig_gross_return_index_3x cad_ig_short_gross_return_index_3x cad_ig_long_gross_return_index_3x cad_ig_net_return_index_3x cad_ig_short_net_return_index_3x cad_ig_long_net_return_index_3x     us_ig_er_index us_hy_er_index cdx_ig_er cdx_hy_er            tsx   s&p_500        vix    us_3m_10y us_growth_surprises us_inflation_surprises us_lei_yoy us_hard_data_surprises us_equity_revisions us_economic_regime spx_1bf_eps spx_1bf_sales tsx_1bf_eps tsx_1bf_sales
2025-12-13 13:06:00,875 - market_data_stats - INFO -     Date                                                                                                                                                                                                                                                                                                                                                                                                                                                                                                                                                                                                                                                                                                                                                                                                                                                                                                                                                                                                                                             
2025-12-13 13:06:00,876 - market_data_stats - INFO -     2025-12-10            2.204            153.313810            85.9334       64.6110     130.6662                 71.7767                            96.4327                96.9960                      73.3184                       101.6029                  50.1813                        78.9694           76.1648  276.0714  49.936  315.923          137.024809            135.691338           137.871871                        114.976035                              112.928112              230.924761               218.270871              198.332644                   354.028350                         334.626567                        304.071167                 138.991864                       205.421952                       97.181631         128.007808     231.117821  118.4164  269.0962       31490.85  15302.75      15.77      110.583            -0.07337               -0.28304       -3.3                 0.4740                0.15                0.3    306.2337     2097.1219   1886.6650    13087.8568
2025-12-13 13:06:00,876 - market_data_stats - INFO -     2025-12-11            2.205            153.323072            85.5495       64.2142     130.3772                 71.3688                            96.0516                96.6754                      73.0084                       101.1209                  50.0415                        78.8563           76.6130  271.8479  49.883  315.670          137.065847            135.716228           137.957984                        115.008865                              112.976070              231.129710               218.388593              198.702096                   354.363942                         334.827259                        304.655957                 139.100294                       205.521411                       97.338007         127.968460     231.281757  118.4244  269.8919       31660.73  15334.74      14.85      114.253            -0.00341               -0.28162       -3.3                 0.4387                0.15                0.3    306.4203     2096.8418   1888.1916    13083.2716
2025-12-13 13:06:00,876 - market_data_stats - INFO -     2025-12-12            2.204            153.332330            84.9166       63.9159     129.2732                 70.9710                            95.3241                95.6534                      72.5306                       100.3201                  48.7767                        77.2844           77.9591  275.6840  50.773  319.122          137.129692            135.740752           138.117247                        115.158576                              113.200475              231.450154               218.504591              199.388083                   354.876640                         335.025322                        305.726128                 139.267795                       205.619484                       97.626146         127.818416     231.175629  118.3775  269.8962       31527.39  15172.13      15.74      122.181            -0.00339               -0.28021       -3.3                 0.4387                0.15                0.3    306.7316     2097.6254   1889.5444    13079.8643
2025-12-13 13:06:00,877 - market_data_stats - INFO - 
====================================================================================================
